<?xml version="1.0" encoding="UTF-8"?>
<!-- Generated by org.testng.reporters.JUnitXMLReporter -->
<testsuite hostname="cpm10155" ignored="0" name="hub spot regression Test" tests="2" failures="0" timestamp="16 Jan 2020 21:20:59 GMT" time="15.808" errors="0">
  <testcase name="verifyLoginPageTitleTest" time="5.544" classname="com.qa.hubspot.tests.SmokeTests"/>
  <testcase name="verifySignUpLinkTest" time="5.422" classname="com.qa.hubspot.tests.SmokeTests"/>
</testsuite> <!-- hub spot regression Test -->
