<?xml version="1.0" encoding="UTF-8"?>
<testng-results skipped="0" failed="0" ignored="0" total="2" passed="2">
  <reporter-output>
  </reporter-output>
  <suite name="Hub Spot App Regression Test" duration-ms="15808" started-at="2020-01-16T21:20:44Z" finished-at="2020-01-16T21:20:59Z">
    <groups>
    </groups>
    <test name="hub spot regression Test" duration-ms="15808" started-at="2020-01-16T21:20:44Z" finished-at="2020-01-16T21:20:59Z">
      <class name="com.qa.hubspot.tests.SmokeTests">
        <test-method status="PASS" signature="setUpBrowser()[pri:0, instance:com.qa.hubspot.tests.SmokeTests@10c8f62]" name="setUpBrowser" is-config="true" duration-ms="2864" started-at="2020-01-16T21:20:44Z" finished-at="2020-01-16T21:20:47Z">
          <reporter-output>
          </reporter-output>
        </test-method> <!-- setUpBrowser -->
        <test-method status="PASS" signature="verifyLoginPageTitleTest()[pri:1, instance:com.qa.hubspot.tests.SmokeTests@10c8f62]" name="verifyLoginPageTitleTest" duration-ms="5544" started-at="2020-01-16T21:20:47Z" description="verifying login page title" finished-at="2020-01-16T21:20:52Z">
          <reporter-output>
          </reporter-output>
        </test-method> <!-- verifyLoginPageTitleTest -->
        <test-method status="PASS" signature="tearDown()[pri:0, instance:com.qa.hubspot.tests.SmokeTests@10c8f62]" name="tearDown" is-config="true" duration-ms="160" started-at="2020-01-16T21:20:52Z" finished-at="2020-01-16T21:20:52Z">
          <reporter-output>
          </reporter-output>
        </test-method> <!-- tearDown -->
        <test-method status="PASS" signature="setUpBrowser()[pri:0, instance:com.qa.hubspot.tests.SmokeTests@10c8f62]" name="setUpBrowser" is-config="true" duration-ms="1439" started-at="2020-01-16T21:20:52Z" finished-at="2020-01-16T21:20:54Z">
          <reporter-output>
          </reporter-output>
        </test-method> <!-- setUpBrowser -->
        <test-method status="PASS" signature="verifySignUpLinkTest()[pri:2, instance:com.qa.hubspot.tests.SmokeTests@10c8f62]" name="verifySignUpLinkTest" duration-ms="5422" started-at="2020-01-16T21:20:54Z" description="verifying sign up link test" finished-at="2020-01-16T21:20:59Z">
          <reporter-output>
          </reporter-output>
        </test-method> <!-- verifySignUpLinkTest -->
        <test-method status="PASS" signature="tearDown()[pri:0, instance:com.qa.hubspot.tests.SmokeTests@10c8f62]" name="tearDown" is-config="true" duration-ms="118" started-at="2020-01-16T21:20:59Z" finished-at="2020-01-16T21:20:59Z">
          <reporter-output>
          </reporter-output>
        </test-method> <!-- tearDown -->
      </class> <!-- com.qa.hubspot.tests.SmokeTests -->
    </test> <!-- hub spot regression Test -->
  </suite> <!-- Hub Spot App Regression Test -->
</testng-results>
